<?xml version="1.0" encoding="UTF-8"?>
<!-- Generated by org.testng.reporters.JUnitReportReporter -->
<testsuite skipped="0" hostname="DESKTOP-AV8S3P8" name="com.atmecs.swaglabs.testscript.TestSript" tests="1" failures="0" timestamp="2020-05-27T20:08:36 IST" time="91.941" errors="1">
  <testcase name="invokeBrowser" time="91.941" classname="com.atmecs.swaglabs.testscript.TestSript">
    <error type="org.openqa.selenium.WebDriverException" message="chrome not reachable
Build info: version: &#039;3.141.59&#039;, revision: &#039;e82be7d358&#039;, time: &#039;2018-11-14T08:17:03&#039;
System info: host: &#039;DESKTOP-AV8S3P8&#039;, ip: &#039;192.168.0.8&#039;, os.name: &#039;Windows 10&#039;, os.arch: &#039;amd64&#039;, os.version: &#039;10.0&#039;, java.version: &#039;1.8.0_201&#039;
Driver info: driver.version: ChromeDriver
remote stacktrace: Backtrace:
	Ordinal0 [0x00379563+2725219]
	Ordinal0 [0x00278551+1672529]
	Ordinal0 [0x00160202+524802]
	Ordinal0 [0x001598EA+497898]
	Ordinal0 [0x000F071A+67354]
	Ordinal0 [0x000ED32C+54060]
	Ordinal0 [0x0010CC37+183351]
	Ordinal0 [0x0010CA3D+182845]
	Ordinal0 [0x0010A94B+174411]
	Ordinal0 [0x000F2528+75048]
	Ordinal0 [0x000F35A0+79264]
	Ordinal0 [0x000F3539+79161]
	Ordinal0 [0x0028D607+1758727]
	GetHandleVerifier [0x00496546+1050150]
	GetHandleVerifier [0x00496291+1049457]
	GetHandleVerifier [0x004A10D7+1094071]
	GetHandleVerifier [0x00496B46+1051686]
	Ordinal0 [0x00285B06+1727238]
	Ordinal0 [0x0028EB7B+1764219]
	Ordinal0 [0x0028ECE3+1764579]
	Ordinal0 [0x002A4C05+1854469]
	BaseThreadInitThunk [0x762B6359+25]
	RtlGetAppContainerNamedObjectPath [0x77257C24+228]
	RtlGetAppContainerNamedObjectPath [0x77257BF4+180]
	(No symbol) [0x00000000]
">
      <![CDATA[org.openqa.selenium.WebDriverException: chrome not reachable
Build info: version: '3.141.59', revision: 'e82be7d358', time: '2018-11-14T08:17:03'
System info: host: 'DESKTOP-AV8S3P8', ip: '192.168.0.8', os.name: 'Windows 10', os.arch: 'amd64', os.version: '10.0', java.version: '1.8.0_201'
Driver info: driver.version: ChromeDriver
remote stacktrace: Backtrace:
Ordinal0 [0x00379563+2725219]
Ordinal0 [0x00278551+1672529]
Ordinal0 [0x00160202+524802]
Ordinal0 [0x001598EA+497898]
Ordinal0 [0x000F071A+67354]
Ordinal0 [0x000ED32C+54060]
Ordinal0 [0x0010CC37+183351]
Ordinal0 [0x0010CA3D+182845]
Ordinal0 [0x0010A94B+174411]
Ordinal0 [0x000F2528+75048]
Ordinal0 [0x000F35A0+79264]
Ordinal0 [0x000F3539+79161]
Ordinal0 [0x0028D607+1758727]
GetHandleVerifier [0x00496546+1050150]
GetHandleVerifier [0x00496291+1049457]
GetHandleVerifier [0x004A10D7+1094071]
GetHandleVerifier [0x00496B46+1051686]
Ordinal0 [0x00285B06+1727238]
Ordinal0 [0x0028EB7B+1764219]
Ordinal0 [0x0028ECE3+1764579]
Ordinal0 [0x002A4C05+1854469]
BaseThreadInitThunk [0x762B6359+25]
RtlGetAppContainerNamedObjectPath [0x77257C24+228]
RtlGetAppContainerNamedObjectPath [0x77257BF4+180]
(No symbol) [0x00000000]

at sun.reflect.NativeConstructorAccessorImpl.newInstance0(Native Method)
at sun.reflect.NativeConstructorAccessorImpl.newInstance(NativeConstructorAccessorImpl.java:62)
at sun.reflect.DelegatingConstructorAccessorImpl.newInstance(DelegatingConstructorAccessorImpl.java:45)
at java.lang.reflect.Constructor.newInstance(Constructor.java:423)
at org.openqa.selenium.remote.W3CHandshakeResponse.lambda$errorHandler$0(W3CHandshakeResponse.java:62)
at org.openqa.selenium.remote.HandshakeResponse.lambda$getResponseFunction$0(HandshakeResponse.java:30)
at org.openqa.selenium.remote.ProtocolHandshake.lambda$createSession$0(ProtocolHandshake.java:126)
at java.util.stream.ReferencePipeline$3$1.accept(ReferencePipeline.java:193)
at java.util.Spliterators$ArraySpliterator.tryAdvance(Spliterators.java:958)
at java.util.stream.ReferencePipeline.forEachWithCancel(ReferencePipeline.java:126)
at java.util.stream.AbstractPipeline.copyIntoWithCancel(AbstractPipeline.java:498)
at java.util.stream.AbstractPipeline.copyInto(AbstractPipeline.java:485)
at java.util.stream.AbstractPipeline.wrapAndCopyInto(AbstractPipeline.java:471)
at java.util.stream.FindOps$FindOp.evaluateSequential(FindOps.java:152)
at java.util.stream.AbstractPipeline.evaluate(AbstractPipeline.java:234)
at java.util.stream.ReferencePipeline.findFirst(ReferencePipeline.java:464)
at org.openqa.selenium.remote.ProtocolHandshake.createSession(ProtocolHandshake.java:128)
at org.openqa.selenium.remote.ProtocolHandshake.createSession(ProtocolHandshake.java:74)
at org.openqa.selenium.remote.HttpCommandExecutor.execute(HttpCommandExecutor.java:136)
at org.openqa.selenium.remote.service.DriverCommandExecutor.execute(DriverCommandExecutor.java:83)
at org.openqa.selenium.remote.RemoteWebDriver.execute(RemoteWebDriver.java:552)
at org.openqa.selenium.remote.RemoteWebDriver.startSession(RemoteWebDriver.java:213)
at org.openqa.selenium.remote.RemoteWebDriver.<init>(RemoteWebDriver.java:131)
at org.openqa.selenium.chrome.ChromeDriver.<init>(ChromeDriver.java:181)
at org.openqa.selenium.chrome.ChromeDriver.<init>(ChromeDriver.java:168)
at org.openqa.selenium.chrome.ChromeDriver.<init>(ChromeDriver.java:123)
at com.atmecs.swaglabs.testsuite.BaseClass.invokeBrowser(BaseClass.java:24)
at sun.reflect.NativeMethodAccessorImpl.invoke0(Native Method)
at sun.reflect.NativeMethodAccessorImpl.invoke(NativeMethodAccessorImpl.java:62)
at sun.reflect.DelegatingMethodAccessorImpl.invoke(DelegatingMethodAccessorImpl.java:43)
at java.lang.reflect.Method.invoke(Method.java:498)
at org.testng.internal.MethodInvocationHelper.invokeMethod(MethodInvocationHelper.java:134)
at org.testng.internal.MethodInvocationHelper.invokeMethodConsideringTimeout(MethodInvocationHelper.java:63)
at org.testng.internal.ConfigInvoker.invokeConfigurationMethod(ConfigInvoker.java:348)
at org.testng.internal.ConfigInvoker.invokeConfigurations(ConfigInvoker.java:302)
at org.testng.TestRunner.invokeTestConfigurations(TestRunner.java:619)
at org.testng.TestRunner.beforeRun(TestRunner.java:609)
at org.testng.TestRunner.run(TestRunner.java:580)
at org.testng.SuiteRunner.runTest(SuiteRunner.java:384)
at org.testng.SuiteRunner.access$000(SuiteRunner.java:28)
at org.testng.SuiteRunner$SuiteWorker.run(SuiteRunner.java:425)
at org.testng.internal.thread.ThreadUtil.lambda$execute$0(ThreadUtil.java:68)
at java.util.concurrent.FutureTask.run(FutureTask.java:266)
at java.util.concurrent.ThreadPoolExecutor.runWorker(ThreadPoolExecutor.java:1149)
at java.util.concurrent.ThreadPoolExecutor$Worker.run(ThreadPoolExecutor.java:624)
at java.lang.Thread.run(Thread.java:748)
]]>
    </error>
  </testcase> <!-- invokeBrowser -->
  <system-out/>
</testsuite> <!-- com.atmecs.swaglabs.testscript.TestSript -->
